  BaseRunner.cpp
C:\Users\JVC\Documents\Y4-T2\STDISCM\STDISCM_Workbench\Image_Viewer\BaseRunner.cpp(117,57): warning C4244: 'argument': conversion from 'T' to 'int', possible loss of data
C:\Users\JVC\Documents\Y4-T2\STDISCM\STDISCM_Workbench\Image_Viewer\BaseRunner.cpp(117,57): warning C4244:         with
C:\Users\JVC\Documents\Y4-T2\STDISCM\STDISCM_Workbench\Image_Viewer\BaseRunner.cpp(117,57): warning C4244:         [
C:\Users\JVC\Documents\Y4-T2\STDISCM\STDISCM_Workbench\Image_Viewer\BaseRunner.cpp(117,57): warning C4244:             T=float
C:\Users\JVC\Documents\Y4-T2\STDISCM\STDISCM_Workbench\Image_Viewer\BaseRunner.cpp(117,57): warning C4244:         ]
  FPSCounter.cpp
C:\Users\JVC\Documents\Y4-T2\STDISCM\STDISCM_Workbench\Image_Viewer\FPSCounter.cpp(12,57): warning C4244: 'argument': conversion from 'float' to 'sf::Uint8', possible loss of data
C:\Users\JVC\Documents\Y4-T2\STDISCM\STDISCM_Workbench\Image_Viewer\FPSCounter.cpp(12,51): warning C4244: 'argument': conversion from 'float' to 'sf::Uint8', possible loss of data
C:\Users\JVC\Documents\Y4-T2\STDISCM\STDISCM_Workbench\Image_Viewer\FPSCounter.cpp(12,45): warning C4244: 'argument': conversion from 'float' to 'sf::Uint8', possible loss of data
  FullScreenView.cpp
C:\Users\JVC\Documents\Y4-T2\STDISCM\STDISCM_Workbench\Image_Viewer\FullScreenView.cpp(20,33): warning C4244: '=': conversion from 'double' to 'float', possible loss of data
C:\Users\JVC\Documents\Y4-T2\STDISCM\STDISCM_Workbench\Image_Viewer\FullScreenView.cpp(32,122): warning C4244: 'argument': conversion from 'double' to 'int', possible loss of data
C:\Users\JVC\Documents\Y4-T2\STDISCM\STDISCM_Workbench\Image_Viewer\FullScreenView.cpp(32,64): warning C4244: 'argument': conversion from 'float' to 'int', possible loss of data
C:\Users\JVC\Documents\Y4-T2\STDISCM\STDISCM_Workbench\Image_Viewer\FullScreenView.cpp(33,56): warning C4244: 'argument': conversion from 'float' to 'int', possible loss of data
C:\Users\JVC\Documents\Y4-T2\STDISCM\STDISCM_Workbench\Image_Viewer\FullScreenView.cpp(33,31): warning C4244: 'argument': conversion from 'const float' to 'int', possible loss of data
C:\Users\JVC\Documents\Y4-T2\STDISCM\STDISCM_Workbench\Image_Viewer\FullScreenView.cpp(37,84): warning C4244: 'argument': conversion from 'float' to 'int', possible loss of data
C:\Users\JVC\Documents\Y4-T2\STDISCM\STDISCM_Workbench\Image_Viewer\FullScreenView.cpp(37,67): warning C4244: 'argument': conversion from 'float' to 'int', possible loss of data
C:\Users\JVC\Documents\Y4-T2\STDISCM\STDISCM_Workbench\Image_Viewer\FullScreenView.cpp(45,8): warning C4244: 'initializing': conversion from 'const float' to 'int', possible loss of data
C:\Users\JVC\Documents\Y4-T2\STDISCM\STDISCM_Workbench\Image_Viewer\FullScreenView.cpp(46,8): warning C4244: 'initializing': conversion from 'double' to 'int', possible loss of data
C:\Users\JVC\Documents\Y4-T2\STDISCM\STDISCM_Workbench\Image_Viewer\FullScreenView.cpp(51,18): warning C4244: '+=': conversion from 'float' to 'int', possible loss of data
  GalleryView.cpp
C:\Users\JVC\Documents\Y4-T2\STDISCM\STDISCM_Workbench\Image_Viewer\GalleryView.cpp(25,84): warning C4244: 'argument': conversion from 'float' to 'int', possible loss of data
C:\Users\JVC\Documents\Y4-T2\STDISCM\STDISCM_Workbench\Image_Viewer\GalleryView.cpp(25,67): warning C4244: 'argument': conversion from 'float' to 'int', possible loss of data
C:\Users\JVC\Documents\Y4-T2\STDISCM\STDISCM_Workbench\Image_Viewer\GalleryView.cpp(40,18): warning C4244: '+=': conversion from 'float' to 'int', possible loss of data
C:\Users\JVC\Documents\Y4-T2\STDISCM\STDISCM_Workbench\Image_Viewer\GalleryView.cpp(44,19): warning C4244: '+=': conversion from 'float' to 'int', possible loss of data
  IconObject.cpp
  TextureDisplay.cpp
C:\Users\JVC\Documents\Y4-T2\STDISCM\STDISCM_Workbench\Image_Viewer\TextureDisplay.cpp(48,70): warning C4267: 'argument': conversion from 'size_t' to 'int', possible loss of data
C:\Users\JVC\Documents\Y4-T2\STDISCM\STDISCM_Workbench\Image_Viewer\TextureDisplay.cpp(53,10): warning C4244: 'initializing': conversion from 'int' to 'float', possible loss of data
C:\Users\JVC\Documents\Y4-T2\STDISCM\STDISCM_Workbench\Image_Viewer\TextureDisplay.cpp(54,10): warning C4244: 'initializing': conversion from 'int' to 'float', possible loss of data
  main.cpp
  Generating Code...
  Image_Viewer.vcxproj -> C:\Users\JVC\Documents\Y4-T2\STDISCM\STDISCM_Workbench\Image_Viewer\x64\Debug\Image_Viewer.exe
