c:\users\user\documents\stdiscm\image_viewer\image_viewer\x64\debug\vc143.pdb
c:\users\user\documents\stdiscm\image_viewer\image_viewer\x64\debug\vc143.idb
c:\users\user\documents\stdiscm\image_viewer\image_viewer\x64\debug\threadpool.obj
c:\users\user\documents\stdiscm\image_viewer\image_viewer\x64\debug\texturemanager.obj
c:\users\user\documents\stdiscm\image_viewer\image_viewer\x64\debug\texturedisplay.obj
c:\users\user\documents\stdiscm\image_viewer\image_viewer\x64\debug\stringutils.obj
c:\users\user\documents\stdiscm\image_viewer\image_viewer\x64\debug\poolworkerthread.obj
c:\users\user\documents\stdiscm\image_viewer\image_viewer\x64\debug\main.obj
c:\users\user\documents\stdiscm\image_viewer\image_viewer\x64\debug\loadingicon.obj
c:\users\user\documents\stdiscm\image_viewer\image_viewer\x64\debug\iworkeraction.obj
c:\users\user\documents\stdiscm\image_viewer\image_viewer\x64\debug\iexecutionevent.obj
c:\users\user\documents\stdiscm\image_viewer\image_viewer\x64\debug\ietthread.obj
c:\users\user\documents\stdiscm\image_viewer\image_viewer\x64\debug\iconobject.obj
c:\users\user\documents\stdiscm\image_viewer\image_viewer\x64\debug\gameobjectmanager.obj
c:\users\user\documents\stdiscm\image_viewer\image_viewer\x64\debug\fpscounter.obj
c:\users\user\documents\stdiscm\image_viewer\image_viewer\x64\debug\baserunner.obj
c:\users\user\documents\stdiscm\image_viewer\image_viewer\x64\debug\assetloader.obj
c:\users\user\documents\stdiscm\image_viewer\image_viewer\x64\debug\agameobject.obj
c:\users\user\documents\stdiscm\image_viewer\image_viewer\x64\debug\gallery.obj
c:\users\user\documents\stdiscm\image_viewer\image_viewer\x64\debug\imageobject.obj
c:\users\user\documents\stdiscm\image_viewer\x64\debug\image_viewer.exe
c:\users\user\documents\stdiscm\image_viewer\x64\debug\image_viewer.pdb
c:\users\user\documents\stdiscm\image_viewer\image_viewer\x64\debug\image_viewer.ilk
c:\users\user\documents\stdiscm\image_viewer\x64\debug\image_viewer.ilk
c:\users\user\documents\stdiscm\image_viewer\image_viewer\x64\debug\image_viewer.tlog\cl.command.1.tlog
c:\users\user\documents\stdiscm\image_viewer\image_viewer\x64\debug\image_viewer.tlog\cl.items.tlog
c:\users\user\documents\stdiscm\image_viewer\image_viewer\x64\debug\image_viewer.tlog\cl.read.1.tlog
c:\users\user\documents\stdiscm\image_viewer\image_viewer\x64\debug\image_viewer.tlog\cl.write.1.tlog
c:\users\user\documents\stdiscm\image_viewer\image_viewer\x64\debug\image_viewer.tlog\link.command.1.tlog
c:\users\user\documents\stdiscm\image_viewer\image_viewer\x64\debug\image_viewer.tlog\link.read.1.tlog
c:\users\user\documents\stdiscm\image_viewer\image_viewer\x64\debug\image_viewer.tlog\link.secondary.1.tlog
c:\users\user\documents\stdiscm\image_viewer\image_viewer\x64\debug\image_viewer.tlog\link.write.1.tlog
